<?xml version="1.0" encoding="UTF-8"?>
<testsuite name="co.ceiba.test.FacturaNegocioTest" tests="6" skipped="0" failures="0" errors="0" timestamp="2018-01-30T16:45:03" hostname="ALEJANDRO-CASTANEA" time="0.003">
  <properties/>
  <testcase name="horaSalidaAEntero" classname="co.ceiba.test.FacturaNegocioTest" time="0.001"/>
  <testcase name="diferenciaDeHorasDistintasTest" classname="co.ceiba.test.FacturaNegocioTest" time="0.0"/>
  <testcase name="minutosHoraEntradaAEntero" classname="co.ceiba.test.FacturaNegocioTest" time="0.0"/>
  <testcase name="horaEntradaAEntero" classname="co.ceiba.test.FacturaNegocioTest" time="0.0"/>
  <testcase name="minutosHoraSalidaAEntero" classname="co.ceiba.test.FacturaNegocioTest" time="0.0"/>
  <testcase name="diferenciaDeHorasIgualesTest" classname="co.ceiba.test.FacturaNegocioTest" time="0.0"/>
  <system-out><![CDATA[]]></system-out>
  <system-err><![CDATA[]]></system-err>
</testsuite>
