<?xml version="1.0" encoding="UTF-8"?>
<testsuite name="co.ceiba.test.VehiculoNegocioTest" tests="5" skipped="0" failures="0" errors="0" timestamp="2018-01-30T16:45:03" hostname="ALEJANDRO-CASTANEA" time="0.002">
  <properties/>
  <testcase name="calcularPrecioTest2" classname="co.ceiba.test.VehiculoNegocioTest" time="0.001"/>
  <testcase name="calcularPrecioTest3" classname="co.ceiba.test.VehiculoNegocioTest" time="0.0"/>
  <testcase name="calcularPrecioTest4" classname="co.ceiba.test.VehiculoNegocioTest" time="0.0"/>
  <testcase name="calcularPrecioTest5" classname="co.ceiba.test.VehiculoNegocioTest" time="0.0"/>
  <testcase name="calcularPrecioTest" classname="co.ceiba.test.VehiculoNegocioTest" time="0.0"/>
  <system-out><![CDATA[]]></system-out>
  <system-err><![CDATA[]]></system-err>
</testsuite>
