<?xml version="1.0" encoding="UTF-8"?>
<testsuite name="co.ceiba.test.ParqueaderoNegocioTest" tests="10" skipped="0" failures="0" errors="0" timestamp="2018-01-30T16:45:03" hostname="ALEJANDRO-CASTANEA" time="0.004">
  <properties/>
  <testcase name="vehiculoPuedeEntrarTest" classname="co.ceiba.test.ParqueaderoNegocioTest" time="0.001"/>
  <testcase name="noHayCupoTest2" classname="co.ceiba.test.ParqueaderoNegocioTest" time="0.0"/>
  <testcase name="vehiculoNoPuedeEntrarTest" classname="co.ceiba.test.ParqueaderoNegocioTest" time="0.0"/>
  <testcase name="vehiculoPuedeEntrarTest2" classname="co.ceiba.test.ParqueaderoNegocioTest" time="0.0"/>
  <testcase name="vehiculoPuedeEntrarTest4" classname="co.ceiba.test.ParqueaderoNegocioTest" time="0.0"/>
  <testcase name="ingresarVehiculoTest" classname="co.ceiba.test.ParqueaderoNegocioTest" time="0.0"/>
  <testcase name="hayCupoTest" classname="co.ceiba.test.ParqueaderoNegocioTest" time="0.001"/>
  <testcase name="noIngresarVehiculoTest" classname="co.ceiba.test.ParqueaderoNegocioTest" time="0.0"/>
  <testcase name="noHayCupoTest" classname="co.ceiba.test.ParqueaderoNegocioTest" time="0.0"/>
  <testcase name="ingresarVehiculoTest2" classname="co.ceiba.test.ParqueaderoNegocioTest" time="0.001"/>
  <system-out><![CDATA[]]></system-out>
  <system-err><![CDATA[]]></system-err>
</testsuite>
